2021-10-01 01:03:52,636 [Worker-6: Loading available Gradle versions] INFO  o.e.b.c.i.u.g.PublishedGradleVersions - Gradle version information cache is up-to-date. Trying to read.
2021-10-01 01:04:26,136 [Worker-6: Creating project "PROJECT1DRAFT"] INFO  o.e.m.c.i.l.LifecycleMappingFactory - Using org.eclipse.m2e.jdt.JarLifecycleMapping lifecycle mapping for MavenProject: com.vishaun:PROJECT1DRAFT:0.0.1-SNAPSHOT @ C:\Users\Vishaun\Desktop\PROJECT1DRAFT\PROJECT1DRAFT\pom.xml.
2021-10-01 01:04:26,426 [Worker-6: Creating project "PROJECT1DRAFT"] INFO  o.e.m.j.i.AbstractJavaProjectConfigurator - Adding source folder /PROJECT1DRAFT/src/main/java
2021-10-01 01:04:26,427 [Worker-6: Creating project "PROJECT1DRAFT"] INFO  o.e.m.j.i.AbstractJavaProjectConfigurator - Adding resource folder /PROJECT1DRAFT/src/main/resources
2021-10-01 01:04:26,428 [Worker-6: Creating project "PROJECT1DRAFT"] INFO  o.e.m.j.i.AbstractJavaProjectConfigurator - Adding source folder /PROJECT1DRAFT/src/test/java
2021-10-01 01:04:26,429 [Worker-6: Creating project "PROJECT1DRAFT"] INFO  o.e.m.j.i.AbstractJavaProjectConfigurator - Adding resource folder /PROJECT1DRAFT/src/test/resources
2021-10-01 01:04:27,255 [Worker-3: Building] WARN  o.e.m.c.i.embedder.EclipseLogger - Using platform encoding (Cp1252 actually) to copy filtered resources, i.e. build is platform dependent!
2021-10-01 01:04:27,261 [Worker-3: Building] INFO  o.e.m.c.i.embedder.EclipseLogger - Copying 0 resource
2021-10-01 01:04:27,263 [Worker-3: Building] WARN  o.e.m.c.i.embedder.EclipseLogger - Using platform encoding (Cp1252 actually) to copy filtered resources, i.e. build is platform dependent!
2021-10-01 01:04:27,264 [Worker-3: Building] INFO  o.e.m.c.i.embedder.EclipseLogger - Copying 0 resource
2021-10-01 01:04:30,919 [Worker-6: Building] WARN  o.e.m.c.i.embedder.EclipseLogger - Using platform encoding (Cp1252 actually) to copy filtered resources, i.e. build is platform dependent!
2021-10-01 01:04:30,922 [Worker-6: Building] INFO  o.e.m.c.i.embedder.EclipseLogger - Copying 0 resource
2021-10-01 01:04:30,923 [Worker-6: Building] WARN  o.e.m.c.i.embedder.EclipseLogger - Using platform encoding (Cp1252 actually) to copy filtered resources, i.e. build is platform dependent!
2021-10-01 01:04:30,925 [Worker-6: Building] INFO  o.e.m.c.i.embedder.EclipseLogger - Copying 0 resource
2021-10-01 01:04:40,995 [Worker-7: Building] WARN  o.e.m.c.i.embedder.EclipseLogger - Using platform encoding (Cp1252 actually) to copy filtered resources, i.e. build is platform dependent!
2021-10-01 01:04:40,997 [Worker-7: Building] INFO  o.e.m.c.i.embedder.EclipseLogger - Copying 0 resource
2021-10-01 01:04:40,998 [Worker-7: Building] WARN  o.e.m.c.i.embedder.EclipseLogger - Using platform encoding (Cp1252 actually) to copy filtered resources, i.e. build is platform dependent!
2021-10-01 01:04:41,000 [Worker-7: Building] INFO  o.e.m.c.i.embedder.EclipseLogger - Copying 0 resource
2021-10-01 01:09:15,406 [Worker-6: Building] WARN  o.e.m.c.i.embedder.EclipseLogger - Using platform encoding (Cp1252 actually) to copy filtered resources, i.e. build is platform dependent!
2021-10-01 01:09:15,408 [Worker-6: Building] INFO  o.e.m.c.i.embedder.EclipseLogger - Copying 0 resource
2021-10-01 01:09:15,409 [Worker-6: Building] WARN  o.e.m.c.i.embedder.EclipseLogger - Using platform encoding (Cp1252 actually) to copy filtered resources, i.e. build is platform dependent!
